<?xml version="1.0" encoding="UTF-8"?>
<!-- Generated by org.testng.reporters.JUnitReportReporter -->
<testsuite hostname="DiHe" name="com.mycompany.aprendiendoseleniumtests.AppTestIT" tests="2" failures="0" timestamp="5 Jun 2018 02:17:13 GMT" time="5.710" errors="0">
  <testcase name="testLogin" time="1.362" classname="com.mycompany.aprendiendoseleniumtests.AppTestIT"/>
  <testcase name="testSeleecionarPasajeros" time="4.348" classname="com.mycompany.aprendiendoseleniumtests.AppTestIT"/>
</testsuite> <!-- com.mycompany.aprendiendoseleniumtests.AppTestIT -->
